2016-12-09 08:52:14,845 [myid:] - INFO  [main:QuorumPeerConfig@124] - Reading configuration from: /Users/wangyinbin/Documents/software/zookeeper-3.4.9/bin/../conf/zoo.cfg
2016-12-09 08:52:14,848 [myid:] - INFO  [main:DatadirCleanupManager@78] - autopurge.snapRetainCount set to 3
2016-12-09 08:52:14,849 [myid:] - INFO  [main:DatadirCleanupManager@79] - autopurge.purgeInterval set to 0
2016-12-09 08:52:14,849 [myid:] - INFO  [main:DatadirCleanupManager@101] - Purge task is not scheduled.
2016-12-09 08:52:14,849 [myid:] - WARN  [main:QuorumPeerMain@113] - Either no config or no quorum defined in config, running  in standalone mode
2016-12-09 08:52:14,860 [myid:] - INFO  [main:QuorumPeerConfig@124] - Reading configuration from: /Users/wangyinbin/Documents/software/zookeeper-3.4.9/bin/../conf/zoo.cfg
2016-12-09 08:52:14,860 [myid:] - INFO  [main:ZooKeeperServerMain@96] - Starting server
2016-12-09 08:52:15,287 [myid:] - INFO  [main:Environment@100] - Server environment:zookeeper.version=3.4.9-1757313, built on 08/23/2016 06:50 GMT
2016-12-09 08:52:15,287 [myid:] - INFO  [main:Environment@100] - Server environment:host.name=10.23.0.75
2016-12-09 08:52:15,288 [myid:] - INFO  [main:Environment@100] - Server environment:java.version=1.8.0_101
2016-12-09 08:52:15,288 [myid:] - INFO  [main:Environment@100] - Server environment:java.vendor=Oracle Corporation
2016-12-09 08:52:15,288 [myid:] - INFO  [main:Environment@100] - Server environment:java.home=/Library/Java/JavaVirtualMachines/jdk1.8.0_101.jdk/Contents/Home/jre
2016-12-09 08:52:15,288 [myid:] - INFO  [main:Environment@100] - Server environment:java.class.path=/Users/wangyinbin/Documents/software/zookeeper-3.4.9/bin/../build/classes:/Users/wangyinbin/Documents/software/zookeeper-3.4.9/bin/../build/lib/*.jar:/Users/wangyinbin/Documents/software/zookeeper-3.4.9/bin/../lib/slf4j-log4j12-1.6.1.jar:/Users/wangyinbin/Documents/software/zookeeper-3.4.9/bin/../lib/slf4j-api-1.6.1.jar:/Users/wangyinbin/Documents/software/zookeeper-3.4.9/bin/../lib/netty-3.10.5.Final.jar:/Users/wangyinbin/Documents/software/zookeeper-3.4.9/bin/../lib/log4j-1.2.16.jar:/Users/wangyinbin/Documents/software/zookeeper-3.4.9/bin/../lib/jline-0.9.94.jar:/Users/wangyinbin/Documents/software/zookeeper-3.4.9/bin/../zookeeper-3.4.9.jar:/Users/wangyinbin/Documents/software/zookeeper-3.4.9/bin/../src/java/lib/*.jar:/Users/wangyinbin/Documents/software/zookeeper-3.4.9/bin/../conf:
2016-12-09 08:52:15,288 [myid:] - INFO  [main:Environment@100] - Server environment:java.library.path=/Users/wangyinbin/Library/Java/Extensions:/Library/Java/Extensions:/Network/Library/Java/Extensions:/System/Library/Java/Extensions:/usr/lib/java:.
2016-12-09 08:52:15,288 [myid:] - INFO  [main:Environment@100] - Server environment:java.io.tmpdir=/var/folders/zz/zyxvpxvq6csfxvn_n0000000000000/T/
2016-12-09 08:52:15,288 [myid:] - INFO  [main:Environment@100] - Server environment:java.compiler=<NA>
2016-12-09 08:52:15,289 [myid:] - INFO  [main:Environment@100] - Server environment:os.name=Mac OS X
2016-12-09 08:52:15,290 [myid:] - INFO  [main:Environment@100] - Server environment:os.arch=x86_64
2016-12-09 08:52:15,290 [myid:] - INFO  [main:Environment@100] - Server environment:os.version=10.12.1
2016-12-09 08:52:15,290 [myid:] - INFO  [main:Environment@100] - Server environment:user.name=root
2016-12-09 08:52:15,290 [myid:] - INFO  [main:Environment@100] - Server environment:user.home=/var/root
2016-12-09 08:52:15,290 [myid:] - INFO  [main:Environment@100] - Server environment:user.dir=/Users/wangyinbin/Documents/workspace/eureka-server
2016-12-09 08:52:15,297 [myid:] - INFO  [main:ZooKeeperServer@815] - tickTime set to 2000
2016-12-09 08:52:15,297 [myid:] - INFO  [main:ZooKeeperServer@824] - minSessionTimeout set to -1
2016-12-09 08:52:15,297 [myid:] - INFO  [main:ZooKeeperServer@833] - maxSessionTimeout set to -1
2016-12-09 08:52:15,318 [myid:] - INFO  [main:NIOServerCnxnFactory@89] - binding to port 0.0.0.0/0.0.0.0:2181
